<?xml version="1.0" encoding="UTF-8"?>
<!-- Generated by org.testng.reporters.JUnitReportReporter -->
<testsuite hostname="Waverley-Mac-mini.local" name="RozetkaTestTopSmartphones" tests="3" failures="0" timestamp="30 Jul 2016 13:36:03 GMT" time="52.972" errors="0">
  <testcase name="loadPage" time="9.864" classname="RozetkaTestTopSmartphones"/>
  <testcase name="writeTopSmartphonesToDB" time="3.716" classname="RozetkaTestTopSmartphones"/>
  <testcase name="navigateToSmartphones" time="39.392" classname="RozetkaTestTopSmartphones"/>
</testsuite> <!-- RozetkaTestTopSmartphones -->
